<?xml version="1.0" encoding="UTF-8"?>
<testng-results ignored="0" total="1" passed="1" failed="0" skipped="0">
  <reporter-output>
  </reporter-output>
  <suite started-at="2019-01-11T07:02:35Z" name="Default suite" finished-at="2019-01-11T07:02:48Z" duration-ms="13704">
    <groups>
    </groups>
    <test started-at="2019-01-11T07:02:35Z" name="Default test" finished-at="2019-01-11T07:02:48Z" duration-ms="13704">
      <class name="login.logintest">
        <test-method is-config="true" signature="loginsetup()[pri:0, instance:login.logintest@7c9d8e2]" started-at="2019-01-11T07:02:35Z" name="loginsetup" finished-at="2019-01-11T07:02:43Z" duration-ms="8063" status="PASS">
          <reporter-output>
          </reporter-output>
        </test-method> <!-- loginsetup -->
        <test-method signature="test()[pri:0, instance:login.logintest@7c9d8e2]" started-at="2019-01-11T07:02:43Z" name="test" finished-at="2019-01-11T07:02:48Z" duration-ms="4899" status="PASS">
          <reporter-output>
          </reporter-output>
        </test-method> <!-- test -->
        <test-method is-config="true" signature="aftertest()[pri:0, instance:login.logintest@7c9d8e2]" started-at="2019-01-11T07:02:48Z" name="aftertest" finished-at="2019-01-11T07:02:48Z" duration-ms="723" status="PASS">
          <reporter-output>
          </reporter-output>
        </test-method> <!-- aftertest -->
      </class> <!-- login.logintest -->
    </test> <!-- Default test -->
  </suite> <!-- Default suite -->
</testng-results>
