<?xml version="1.0" encoding="UTF-8"?>
<testng-results ignored="0" total="1" passed="1" failed="0" skipped="0">
  <reporter-output>
  </reporter-output>
  <suite started-at="2019-01-11T05:37:23Z" name="Default suite" finished-at="2019-01-11T05:37:36Z" duration-ms="13194">
    <groups>
    </groups>
    <test started-at="2019-01-11T05:37:23Z" name="Default test" finished-at="2019-01-11T05:37:36Z" duration-ms="13194">
      <class name="pack.logintest">
        <test-method is-config="true" signature="loginsetup()[pri:0, instance:pack.logintest@38102d01]" started-at="2019-01-11T05:37:23Z" name="loginsetup" finished-at="2019-01-11T05:37:31Z" duration-ms="7770" status="PASS">
          <reporter-output>
          </reporter-output>
        </test-method> <!-- loginsetup -->
        <test-method signature="test()[pri:0, instance:pack.logintest@38102d01]" started-at="2019-01-11T05:37:31Z" name="test" finished-at="2019-01-11T05:37:35Z" duration-ms="4594" status="PASS">
          <reporter-output>
          </reporter-output>
        </test-method> <!-- test -->
        <test-method is-config="true" signature="aftertest()[pri:0, instance:pack.logintest@38102d01]" started-at="2019-01-11T05:37:35Z" name="aftertest" finished-at="2019-01-11T05:37:36Z" duration-ms="816" status="PASS">
          <reporter-output>
          </reporter-output>
        </test-method> <!-- aftertest -->
      </class> <!-- pack.logintest -->
    </test> <!-- Default test -->
  </suite> <!-- Default suite -->
</testng-results>
