<?xml version="1.0" encoding="UTF-8"?>
<testng-results ignored="0" total="1" passed="1" failed="0" skipped="0">
  <reporter-output>
  </reporter-output>
  <suite started-at="2019-01-11T06:05:26Z" name="Default suite" finished-at="2019-01-11T06:05:40Z" duration-ms="14046">
    <groups>
    </groups>
    <test started-at="2019-01-11T06:05:26Z" name="Default test" finished-at="2019-01-11T06:05:40Z" duration-ms="14046">
      <class name="Javat.javatest">
        <test-method is-config="true" signature="loginsetup()[pri:0, instance:Javat.javatest@2de23121]" started-at="2019-01-11T06:05:26Z" name="loginsetup" finished-at="2019-01-11T06:05:33Z" duration-ms="7475" status="PASS">
          <reporter-output>
          </reporter-output>
        </test-method> <!-- loginsetup -->
        <test-method signature="test()[pri:0, instance:Javat.javatest@2de23121]" started-at="2019-01-11T06:05:33Z" name="test" finished-at="2019-01-11T06:05:39Z" duration-ms="5837" status="PASS">
          <reporter-output>
          </reporter-output>
        </test-method> <!-- test -->
        <test-method is-config="true" signature="aftertest()[pri:0, instance:Javat.javatest@2de23121]" started-at="2019-01-11T06:05:39Z" name="aftertest" finished-at="2019-01-11T06:05:40Z" duration-ms="719" status="PASS">
          <reporter-output>
          </reporter-output>
        </test-method> <!-- aftertest -->
      </class> <!-- Javat.javatest -->
    </test> <!-- Default test -->
  </suite> <!-- Default suite -->
</testng-results>
